<?xml version="1.0" encoding="UTF-8"?>
<!-- Generated by org.testng.reporters.JUnitXMLReporter -->
<testsuite hostname="Aspire-PC" ignored="0" name="Default test" tests="3" failures="0" timestamp="2020-10-17T23:17:40 IST" time="72.792" errors="0">
  <testcase name="m1" time="23.612" classname="org.qsp.testngDemo.ReadFlipkart"/>
  <testcase name="m1" time="20.526" classname="org.qsp.testngDemo.ReadFlipkart"/>
  <testcase name="m1" time="27.083" classname="org.qsp.testngDemo.ReadFlipkart"/>
</testsuite> <!-- Default test -->
