<?xml version="1.0" encoding="UTF-8"?>
<!-- Generated by org.testng.reporters.JUnitXMLReporter -->
<testsuite hostname="Aspire-PC" ignored="0" name="Test" tests="3" failures="0" timestamp="2020-10-19T20:24:37 IST" time="22.159" errors="0">
  <testcase name="a" time="21.569" classname="org.qsp.testngDemo.GoogleAllParallel"/>
  <testcase name="b" time="22.049" classname="org.qsp.testngDemo.GoogleAllParallel"/>
  <testcase name="c" time="22.074" classname="org.qsp.testngDemo.GoogleAllParallel"/>
</testsuite> <!-- Test -->
