<?xml version="1.0" encoding="UTF-8"?>
<testng-results skipped="0" failed="0" ignored="0" total="3" passed="3">
  <reporter-output>
  </reporter-output>
  <suite name="Suite" duration-ms="22159" started-at="2020-10-19T20:24:15 IST" finished-at="2020-10-19T20:24:37 IST">
    <groups>
    </groups>
    <test name="Test" duration-ms="22159" started-at="2020-10-19T20:24:15 IST" finished-at="2020-10-19T20:24:37 IST">
      <class name="org.qsp.testngDemo.GoogleAllParallel">
        <test-method status="PASS" signature="a()[pri:0, instance:org.qsp.testngDemo.GoogleAllParallel@578486a3]" name="a" duration-ms="21569" started-at="2020-10-19T20:24:15 IST" finished-at="2020-10-19T20:24:36 IST">
          <reporter-output>
          </reporter-output>
        </test-method> <!-- a -->
        <test-method status="PASS" signature="c()[pri:0, instance:org.qsp.testngDemo.GoogleAllParallel@578486a3]" name="c" duration-ms="22074" started-at="2020-10-19T20:24:15 IST" finished-at="2020-10-19T20:24:37 IST">
          <reporter-output>
          </reporter-output>
        </test-method> <!-- c -->
        <test-method status="PASS" signature="b()[pri:0, instance:org.qsp.testngDemo.GoogleAllParallel@578486a3]" name="b" duration-ms="22049" started-at="2020-10-19T20:24:15 IST" finished-at="2020-10-19T20:24:37 IST">
          <reporter-output>
          </reporter-output>
        </test-method> <!-- b -->
      </class> <!-- org.qsp.testngDemo.GoogleAllParallel -->
    </test> <!-- Test -->
  </suite> <!-- Suite -->
</testng-results>
